<?xml version="1.0" encoding="UTF-8"?>
<testsuites name="BVT" time="76" tests="1" failures="0" errors="0">
   <testsuite name="BVT" tests="1" failures="0" errors="0" time="76" timestamp="2019-02-15 19:10:54" hostname="Promantus Inc - G10PROLT021" id="Test Suites/Release-1.0/BVT">
      <properties>
         <property name="deviceName" value=""/>
         <property name="devicePlatform" value=""/>
         <property name="logFolder" value="G:\\Git Projects\\PromantusBddAutomation\\PromantusBddDemo\\Reports\\Release-1.0\\BVT\\20190215_191047"/>
         <property name="logFiles" value="G:\\Git Projects\\PromantusBddAutomation\\PromantusBddDemo\\Reports\\Release-1.0\\BVT\\20190215_191047\\execution0.log"/>
         <property name="attachments" value=""/>
         <property name="hostName" value="Promantus Inc - G10PROLT021"/>
         <property name="os" value="Windows 10 64bit"/>
         <property name="katalonVersion" value="5.10.1.1"/>
         <property name="browser" value="Chrome 71.0.3578.98"/>
         <property name="hostAddress" value="192.168.0.102"/>
         <property name="sessionId" value="304425aab77a5c19a47d8ef809efb609"/>
         <property name="seleniumVersion" value="3.7.1"/>
         <property name="proxyInformation" value="ProxyInformation{proxyOption=NO_PROXY, proxyServerType=HTTP, password=, proxyServerAddress=, proxyServerPort=0}"/>
         <property name="platform" value="Windows 10"/>
      </properties>
      <testcase name="Test Cases/TC_SmokeTest" classname="Test Cases/TC_SmokeTest" status="PASSED">
         <system-out><![CDATA[2019-02-15 19:10:54 - [TEST_CASE][PASSED] - Test Cases/TC_SmokeTest: Test Cases/TC_SmokeTest

2019-02-15 19:10:54 - [TEST_STEP][PASSED] - runWithCucumberRunner(common.CucumberPAFrunner): Run with 'common.CucumberPAFrunner' was passed

2019-02-15 19:10:56 - [MESSAGE][INFO] - Starting 'Chrome' driver

2019-02-15 19:10:56 - [MESSAGE][INFO] - Action delay is set to 0 seconds

2019-02-15 19:11:02 - [MESSAGE][PASSED] - Browser is opened with url: ''

2019-02-15 19:11:09 - [MESSAGE][PASSED] - Navigate to 'http://164.164.39.5:5002' successfully

2019-02-15 19:11:10 - [MESSAGE][PASSED] - Text 'Promantus' is set on object 'Object Repository/bddDemo_Login/input_UserName_UserName'

2019-02-15 19:11:10 - [MESSAGE][PASSED] - Text 'bdd' is set on object 'Object Repository/bddDemo_Login/input_Password_Password'

2019-02-15 19:11:12 - [MESSAGE][PASSED] - Delayed 2 second(s)

2019-02-15 19:11:32 - [MESSAGE][PASSED] - Object: 'Object Repository/bddDemo_Login/input_Password_btn btn-default' is clicked on

2019-02-15 19:11:32 - [MESSAGE][PASSED] - Text 'PayBill' is present on page 

2019-02-15 19:11:32 - [MESSAGE][PASSED] - Browser is closed

2019-02-15 19:11:33 - [MESSAGE][INFO] - Starting 'Chrome' driver

2019-02-15 19:11:35 - [MESSAGE][PASSED] - Browser is opened with url: ''

2019-02-15 19:11:37 - [MESSAGE][PASSED] - Navigate to 'http://164.164.39.5:5002' successfully

2019-02-15 19:11:37 - [MESSAGE][PASSED] - Text 'Promantus' is set on object 'Object Repository/bddDemo_Login/input_UserName_UserName'

2019-02-15 19:11:37 - [MESSAGE][PASSED] - Text 'bdd' is set on object 'Object Repository/bddDemo_Login/input_Password_Password'

2019-02-15 19:11:39 - [MESSAGE][PASSED] - Delayed 2 second(s)

2019-02-15 19:11:59 - [MESSAGE][PASSED] - Object: 'Object Repository/bddDemo_Login/input_Password_btn btn-default' is clicked on

2019-02-15 19:11:59 - [MESSAGE][PASSED] - Text '11/01/2019' is set on object 'Object Repository/bddDemo_MakePayment/input_DayOfPayment_DayOfPaymen'

2019-02-15 19:11:59 - [MESSAGE][PASSED] - Text '145' is set on object 'Object Repository/bddDemo_MakePayment/input_Amount_Amount'

2019-02-15 19:12:01 - [MESSAGE][PASSED] - Delayed 2 second(s)

2019-02-15 19:12:01 - [MESSAGE][PASSED] - Object: 'Object Repository/bddDemo_MakePayment/input_SwiftCode_btn btn-defaul' is clicked on

2019-02-15 19:12:03 - [MESSAGE][PASSED] - Delayed 2 second(s)

2019-02-15 19:12:03 - [MESSAGE][PASSED] - Text '32728' is set on object 'Object Repository/bddDemo_EnterOTP/input_OTP_OTP'

2019-02-15 19:12:05 - [MESSAGE][PASSED] - Delayed 2 second(s)

2019-02-15 19:12:05 - [MESSAGE][PASSED] - Object: 'Object Repository/bddDemo_EnterOTP/input_OTP_btn btn-default' is clicked on

2019-02-15 19:12:07 - [MESSAGE][PASSED] - Delayed 2 second(s)

2019-02-15 19:12:09 - [MESSAGE][PASSED] - Delayed 2 second(s)

2019-02-15 19:12:10 - [MESSAGE][PASSED] - Browser is closed

2019-02-15 19:12:10 - [MESSAGE][PASSED] - Run with 'common.CucumberPAFrunner' was passed]]></system-out>
         <system-err><![CDATA[]]></system-err>
      </testcase>
      <system-out><![CDATA[2019-02-15 19:10:54 - [TEST_SUITE][PASSED] - BVT: Test Cases/TC_SmokeTest]]></system-out>
      <system-err><![CDATA[]]></system-err>
   </testsuite>
</testsuites>
