<?xml version="1.0" encoding="UTF-8"?>
<testsuites name="BVT" time="35" tests="1" failures="0" errors="0">
   <testsuite name="BVT" tests="1" failures="0" errors="0" time="35" timestamp="2019-02-06 21:34:58" hostname="Promantus Inc - G10PROLT021" id="Test Suites/Release-1.0/BVT">
      <properties>
         <property name="deviceName" value=""/>
         <property name="devicePlatform" value=""/>
         <property name="logFolder" value="G:\\Git Projects\\PromantusBddAutomation\\PromantusBddDemo\\Reports\\Release-1.0\\BVT\\20190206_213455"/>
         <property name="logFiles" value="G:\\Git Projects\\PromantusBddAutomation\\PromantusBddDemo\\Reports\\Release-1.0\\BVT\\20190206_213455\\execution0.log"/>
         <property name="attachments" value=""/>
         <property name="hostName" value="Promantus Inc - G10PROLT021"/>
         <property name="os" value="Windows 10 64bit"/>
         <property name="katalonVersion" value="5.10.1.1"/>
         <property name="browser" value="Chrome 71.0.3578.98"/>
         <property name="hostAddress" value="192.168.0.102"/>
         <property name="sessionId" value="957e517008f8d9fe45bd1978123caea6"/>
         <property name="seleniumVersion" value="3.7.1"/>
         <property name="proxyInformation" value="ProxyInformation{proxyOption=NO_PROXY, proxyServerType=HTTP, password=, proxyServerAddress=, proxyServerPort=0}"/>
         <property name="platform" value="Windows 10"/>
      </properties>
      <testcase name="Test Cases/TC_SmokeTest" classname="Test Cases/TC_SmokeTest" status="PASSED">
         <system-out><![CDATA[2019-02-06 21:34:59 - [TEST_CASE][PASSED] - Test Cases/TC_SmokeTest: Test Cases/TC_SmokeTest

2019-02-06 21:34:59 - [TEST_STEP][PASSED] - runWithCucumberRunner(common.CucumberPAFrunner): Run with 'common.CucumberPAFrunner' was passed

2019-02-06 21:35:01 - [MESSAGE][INFO] - Starting 'Chrome' driver

2019-02-06 21:35:01 - [MESSAGE][INFO] - Action delay is set to 0 seconds

2019-02-06 21:35:04 - [MESSAGE][PASSED] - Browser is opened with url: ''

2019-02-06 21:35:08 - [MESSAGE][PASSED] - Navigate to 'http://164.164.39.5:5002/' successfully

2019-02-06 21:35:08 - [MESSAGE][PASSED] - Text 'Promantus' is set on object 'Object Repository/bddDemo_Login/input_UserName_UserName'

2019-02-06 21:35:09 - [MESSAGE][PASSED] - Text 'bdd' is set on object 'Object Repository/bddDemo_Login/input_Password_Password'

2019-02-06 21:35:11 - [MESSAGE][PASSED] - Delayed 2 second(s)

2019-02-06 21:35:13 - [MESSAGE][PASSED] - Object: 'Object Repository/bddDemo_Login/input_Password_btn btn-default' is clicked on

2019-02-06 21:35:13 - [MESSAGE][PASSED] - Text 'PayBill' is present on page 

2019-02-06 21:35:14 - [MESSAGE][PASSED] - Browser is closed

2019-02-06 21:35:14 - [MESSAGE][INFO] - Starting 'Chrome' driver

2019-02-06 21:35:16 - [MESSAGE][PASSED] - Browser is opened with url: ''

2019-02-06 21:35:18 - [MESSAGE][PASSED] - Navigate to 'http://164.164.39.5:5002/' successfully

2019-02-06 21:35:18 - [MESSAGE][PASSED] - Text 'Promantus' is set on object 'Object Repository/bddDemo_Login/input_UserName_UserName'

2019-02-06 21:35:18 - [MESSAGE][PASSED] - Text 'bdd' is set on object 'Object Repository/bddDemo_Login/input_Password_Password'

2019-02-06 21:35:20 - [MESSAGE][PASSED] - Delayed 2 second(s)

2019-02-06 21:35:21 - [MESSAGE][PASSED] - Object: 'Object Repository/bddDemo_Login/input_Password_btn btn-default' is clicked on

2019-02-06 21:35:21 - [MESSAGE][PASSED] - Text '11/01/2019' is set on object 'Object Repository/bddDemo_MakePayment/input_DayOfPayment_DayOfPaymen'

2019-02-06 21:35:21 - [MESSAGE][PASSED] - Text '145' is set on object 'Object Repository/bddDemo_MakePayment/input_Amount_Amount'

2019-02-06 21:35:23 - [MESSAGE][PASSED] - Delayed 2 second(s)

2019-02-06 21:35:23 - [MESSAGE][PASSED] - Object: 'Object Repository/bddDemo_MakePayment/input_SwiftCode_btn btn-defaul' is clicked on

2019-02-06 21:35:25 - [MESSAGE][PASSED] - Delayed 2 second(s)

2019-02-06 21:35:25 - [MESSAGE][PASSED] - Text '32728' is set on object 'Object Repository/bddDemo_EnterOTP/input_OTP_OTP'

2019-02-06 21:35:27 - [MESSAGE][PASSED] - Delayed 2 second(s)

2019-02-06 21:35:28 - [MESSAGE][PASSED] - Object: 'Object Repository/bddDemo_EnterOTP/input_OTP_btn btn-default' is clicked on

2019-02-06 21:35:30 - [MESSAGE][PASSED] - Delayed 2 second(s)

2019-02-06 21:35:32 - [MESSAGE][PASSED] - Delayed 2 second(s)

2019-02-06 21:35:33 - [MESSAGE][PASSED] - Browser is closed

2019-02-06 21:35:33 - [MESSAGE][PASSED] - Run with 'common.CucumberPAFrunner' was passed]]></system-out>
         <system-err><![CDATA[]]></system-err>
      </testcase>
      <system-out><![CDATA[2019-02-06 21:34:58 - [TEST_SUITE][PASSED] - BVT: Test Cases/TC_SmokeTest]]></system-out>
      <system-err><![CDATA[]]></system-err>
   </testsuite>
</testsuites>
