<?xml version="1.0" encoding="UTF-8"?>
<testsuites name="RegressionTest" time="77" tests="1" failures="0" errors="0">
   <testsuite name="RegressionTest" tests="1" failures="0" errors="0" time="77" timestamp="2019-01-21 22:22:45" hostname="Promantus Inc - G10PROLT021" id="Test Suites/Release-1.0/RegressionTest">
      <properties>
         <property name="deviceName" value=""/>
         <property name="devicePlatform" value=""/>
         <property name="logFolder" value="C:\\Users\\Promantus Inc\\Katalon Studio\\BDDUserPayment\\Reports\\Release-1.0\\RegressionTest\\20190121_222235"/>
         <property name="logFiles" value="C:\\Users\\Promantus Inc\\Katalon Studio\\BDDUserPayment\\Reports\\Release-1.0\\RegressionTest\\20190121_222235\\execution0.log"/>
         <property name="attachments" value=""/>
         <property name="hostName" value="Promantus Inc - G10PROLT021"/>
         <property name="os" value="Windows 10 64bit"/>
         <property name="katalonVersion" value="5.10.1.1"/>
         <property name="browser" value="Firefox 64.0"/>
         <property name="hostAddress" value="192.168.1.12"/>
         <property name="sessionId" value="32009c14-e853-4b08-9acc-6cdaf4d41b3a"/>
         <property name="seleniumVersion" value="3.7.1"/>
         <property name="proxyInformation" value="ProxyInformation{proxyOption=NO_PROXY, proxyServerType=HTTP, password=, proxyServerAddress=, proxyServerPort=0}"/>
         <property name="platform" value="Windows 10"/>
      </properties>
      <testcase name="Test Cases/TC_RegressionTest" classname="Test Cases/TC_RegressionTest" status="PASSED">
         <system-out><![CDATA[2019-01-21 22:22:46 - [TEST_CASE][PASSED] - Test Cases/TC_RegressionTest: Test Cases/TC_RegressionTest

2019-01-21 22:22:49 - [TEST_STEP][PASSED] - runWithCucumberRunner(common.CucumberPAFrunner1): Run with 'common.CucumberPAFrunner1' was passed

2019-01-21 22:22:54 - [MESSAGE][INFO] - Starting 'Firefox' driver

2019-01-21 22:22:54 - [MESSAGE][INFO] - Action delay is set to 0 seconds

2019-01-21 22:23:48 - [MESSAGE][PASSED] - Browser is opened with url: ''

2019-01-21 22:23:50 - [MESSAGE][PASSED] - Navigate to 'http://164.164.39.5:5002/Account/Login' successfully

2019-01-21 22:23:50 - [MESSAGE][PASSED] - Text '' is set on object 'Object Repository/bddDemo_Login/input_Username_Username'

2019-01-21 22:23:51 - [MESSAGE][PASSED] - Text 'bdd' is set on object 'Object Repository/bddDemo_Login/input_Password_Password'

2019-01-21 22:23:56 - [MESSAGE][PASSED] - Delayed 5 second(s)

2019-01-21 22:23:56 - [MESSAGE][PASSED] - Object: 'Object Repository/bddDemo_Login/input_Password_btn btn-default' is clicked on

2019-01-21 22:24:02 - [MESSAGE][PASSED] - Browser is closed

2019-01-21 22:24:02 - [MESSAGE][PASSED] - Run with 'common.CucumberPAFrunner1' was passed]]></system-out>
         <system-err><![CDATA[]]></system-err>
      </testcase>
      <system-out><![CDATA[2019-01-21 22:22:45 - [TEST_SUITE][PASSED] - RegressionTest: Test Cases/TC_RegressionTest]]></system-out>
      <system-err><![CDATA[]]></system-err>
   </testsuite>
</testsuites>
